<?xml version="1.0" encoding="UTF-8"?>
<testsuite xmlns:xsi="http://www.w3.org/2001/XMLSchema-instance" xsi:noNamespaceSchemaLocation="https://maven.apache.org/surefire/maven-surefire-plugin/xsd/surefire-test-report.xsd" version="3.0.2" name="com.ipn.mx.administracioneventos.AdministracionEventosApplicationTests" time="5.336" tests="1" errors="0" skipped="0" failures="0">
  <properties>
[...]
</properties>
  <testcase name="contextLoads" classname="com.ipn.mx.administracioneventos.AdministracionEventosApplicationTests" time="0.235">
    <system-out><![CDATA[12:38:49.728 [main] INFO org.springframework.test.context.support.AnnotationConfigContextLoaderUtils -- Could not detect default configuration classes for test class [com.ipn.mx.administracioneventos.AdministracionEventosApplicationTests]: AdministracionEventosApplicationTests does not declare any static, non-private, non-final, nested classes annotated with @Configuration.
12:38:49.831 [main] INFO org.springframework.boot.test.context.SpringBootTestContextBootstrapper -- Found @SpringBootConfiguration com.ipn.mx.administracioneventos.AdministracionEventosApplication for test class com.ipn.mx.administracioneventos.AdministracionEventosApplicationTests
12:38:49.953 [main] INFO org.springframework.boot.devtools.restart.RestartApplicationListener -- Restart disabled due to context in which it is running

  .   ____          _            __ _ _
 /\\ / ___'_ __ _ _(_)_ __  __ _ \ \ \ \
( ( )\___ | '_ | '_| | '_ \/ _` | \ \ \ \
 \\/  ___)| |_)| | | | | || (_| |  ) ) ) )
  '  |____| .__|_| |_|_| |_\__, | / / / /
 =========|_|==============|___/=/_/_/_/

 :: Spring Boot ::                (v3.5.7)

2025-11-10T12:38:50.104-06:00  INFO 45242 --- [AdministracionEventos] [           main] .a.AdministracionEventosApplicationTests : Starting AdministracionEventosApplicationTests using Java 25.0.1 with PID 45242 (started by ale in /Users/ale/Documents/AdministracionEventos)
2025-11-10T12:38:50.104-06:00  INFO 45242 --- [AdministracionEventos] [           main] .a.AdministracionEventosApplicationTests : No active profile set, falling back to 1 default profile: "default"
2025-11-10T12:38:50.378-06:00  INFO 45242 --- [AdministracionEventos] [           main] .s.d.r.c.RepositoryConfigurationDelegate : Bootstrapping Spring Data JPA repositories in DEFAULT mode.
2025-11-10T12:38:50.404-06:00  INFO 45242 --- [AdministracionEventos] [           main] .s.d.r.c.RepositoryConfigurationDelegate : Finished Spring Data repository scanning in 21 ms. Found 2 JPA repository interfaces.
2025-11-10T12:38:50.540-06:00  INFO 45242 --- [AdministracionEventos] [           main] o.hibernate.jpa.internal.util.LogHelper  : HHH000204: Processing PersistenceUnitInfo [name: default]
2025-11-10T12:38:50.560-06:00  INFO 45242 --- [AdministracionEventos] [           main] org.hibernate.Version                    : HHH000412: Hibernate ORM core version 6.6.33.Final
2025-11-10T12:38:50.572-06:00  INFO 45242 --- [AdministracionEventos] [           main] o.h.c.internal.RegionFactoryInitiator    : HHH000026: Second-level cache disabled
2025-11-10T12:38:50.687-06:00  INFO 45242 --- [AdministracionEventos] [           main] o.s.o.j.p.SpringPersistenceUnitInfo      : No LoadTimeWeaver setup: ignoring JPA class transformer
2025-11-10T12:38:50.698-06:00  INFO 45242 --- [AdministracionEventos] [           main] com.zaxxer.hikari.HikariDataSource       : HikariPool-1 - Starting...
2025-11-10T12:38:50.776-06:00  INFO 45242 --- [AdministracionEventos] [           main] com.zaxxer.hikari.pool.HikariPool        : HikariPool-1 - Added connection org.postgresql.jdbc.PgConnection@376af784
2025-11-10T12:38:50.777-06:00  INFO 45242 --- [AdministracionEventos] [           main] com.zaxxer.hikari.HikariDataSource       : HikariPool-1 - Start completed.
2025-11-10T12:38:50.797-06:00  WARN 45242 --- [AdministracionEventos] [           main] org.hibernate.orm.deprecation            : HHH90000025: PostgreSQLDialect does not need to be specified explicitly using 'hibernate.dialect' (remove the property setting and it will be selected by default)
2025-11-10T12:38:50.806-06:00  INFO 45242 --- [AdministracionEventos] [           main] org.hibernate.orm.connections.pooling    : HHH10001005: Database info:
	Database JDBC URL [Connecting through datasource 'HikariDataSource (HikariPool-1)']
	Database driver: undefined/unknown
	Database version: 17.6
	Autocommit mode: undefined/unknown
	Isolation level: undefined/unknown
	Minimum pool size: undefined/unknown
	Maximum pool size: undefined/unknown
2025-11-10T12:38:51.128-06:00  INFO 45242 --- [AdministracionEventos] [           main] o.h.e.t.j.p.i.JtaPlatformInitiator       : HHH000489: No JTA platform available (set 'hibernate.transaction.jta.platform' to enable JTA platform integration)
2025-11-10T12:38:51.171-06:00  INFO 45242 --- [AdministracionEventos] [           main] j.LocalContainerEntityManagerFactoryBean : Initialized JPA EntityManagerFactory for persistence unit 'default'
2025-11-10T12:38:51.321-06:00  WARN 45242 --- [AdministracionEventos] [           main] JpaBaseConfiguration$JpaWebConfiguration : spring.jpa.open-in-view is enabled by default. Therefore, database queries may be performed during view rendering. Explicitly configure spring.jpa.open-in-view to disable this warning
2025-11-10T12:38:51.452-06:00  INFO 45242 --- [AdministracionEventos] [           main] .a.AdministracionEventosApplicationTests : Started AdministracionEventosApplicationTests in 1.508 seconds (process running for 2.029)
]]></system-out>
    <system-err><![CDATA[Mockito is currently self-attaching to enable the inline-mock-maker. This will no longer work in future releases of the JDK. Please add Mockito as an agent to your build as described in Mockito's documentation: https://javadoc.io/doc/org.mockito/mockito-core/latest/org.mockito/org/mockito/Mockito.html#0.3
WARNING: A Java agent has been loaded dynamically (/Users/ale/.m2/repository/net/bytebuddy/byte-buddy-agent/1.17.8/byte-buddy-agent-1.17.8.jar)
WARNING: If a serviceability tool is in use, please run with -XX:+EnableDynamicAgentLoading to hide this warning
WARNING: If a serviceability tool is not in use, please run with -Djdk.instrument.traceUsage for more information
WARNING: Dynamic loading of agents will be disallowed by default in a future release
]]></system-err>
  </testcase>
</testsuite>